2025-11-19 02:44:39, MOVE, v:1, k:poo@cinema, mode:PICK
2025-11-19 02:44:40, EXEC, v:1, k:poo@cinema, mode:FULL, rate:0, size:12
2025-11-19 02:44:42, MOVE, v:1, k:poo@cinema, mode:BACK
2025-11-19 04:14:27, MOVE, v:1, k:poo@cinema, mode:PICK
2025-11-19 04:14:27, EXEC, v:1, k:poo@cinema, mode:FULL, rate:0, size:30
2025-11-19 04:14:28, MOVE, v:1, k:poo@cinema, mode:BACK
2025-11-19 04:23:07, MOVE, v:1, k:poo@cinema, mode:PICK
2025-11-19 04:23:07, EXEC, v:1, k:poo@cinema, mode:FULL, rate:0, size:47
2025-11-19 04:23:08, MOVE, v:1, k:poo@cinema, mode:BACK
2025-11-19 04:23:09, MOVE, v:1, k:poo@cinema, mode:PICK
2025-11-19 04:23:09, EXEC, v:1, k:poo@cinema, mode:FULL, rate:0
2025-11-19 04:23:21, EXEC, v:1, k:poo@cinema, mode:FULL, rate:0, size:47
2025-11-19 04:23:25, MOVE, v:1, k:poo@cinema, mode:BACK
2025-11-19 04:48:17, MOVE, v:1, k:poo@cinema, mode:PICK
2025-11-19 04:48:18, EXEC, v:1, k:poo@cinema, mode:FULL, rate:0, size:73
2025-11-19 04:48:37, EXEC, v:1, k:poo@cinema, mode:FULL, rate:0, size:73
2025-11-19 04:50:08, EXEC, v:1, k:poo@cinema, mode:FULL, rate:0, size:73
2025-11-19 04:50:39, EXEC, v:1, k:poo@cinema, mode:FULL, rate:0, size:73
2025-11-19 04:51:22, EXEC, v:1, k:poo@cinema, mode:FULL, rate:0, size:73
2025-11-19 04:51:23, EXEC, v:1, k:poo@cinema, mode:FULL, rate:0
2025-11-19 04:52:18, EXEC, v:1, k:poo@cinema, mode:FULL, rate:0, size:73
2025-11-19 04:52:19, EXEC, v:1, k:poo@cinema, mode:FULL, rate:0, size:73
2025-11-19 04:52:21, EXEC, v:1, k:poo@cinema, mode:FULL, rate:0
2025-11-19 04:53:31, EXEC, v:1, k:poo@cinema, mode:FULL, rate:66, size:79
2025-11-19 04:54:17, EXEC, v:1, k:poo@cinema, mode:FULL, rate:44, size:73
2025-11-19 04:55:54, EXEC, v:1, k:poo@cinema, mode:FULL, rate:44, size:75
2025-11-19 04:56:24, EXEC, v:1, k:poo@cinema, mode:FULL, rate:77, size:76
2025-11-19 04:58:28, EXEC, v:1, k:poo@cinema, mode:FULL, rate:88, size:76
2025-11-19 05:01:20, EXEC, v:1, k:poo@cinema, mode:FULL, rate:88, size:76
2025-11-19 05:01:38, EXEC, v:1, k:poo@cinema, mode:FULL, rate:88, size:76
2025-11-19 05:02:42, MOVE, v:1, k:poo@cinema, mode:BACK
2025-11-19 05:02:51, MOVE, v:1, k:poo@cinema, mode:PICK
2025-11-19 05:02:54, EXEC, v:1, k:poo@cinema, mode:FREE
2025-11-19 05:04:53, MOVE, v:1, k:poo@cinema, mode:PICK
2025-11-19 05:04:54, EXEC, v:1, k:poo@cinema, mode:FULL, rate:100, size:75
2025-11-19 05:05:44, MOVE, v:1, k:poo@cinema, mode:BACK
2025-11-19 05:06:50, SELF, v:1, k:poo@cinema, rate:100, alone:10, study:60
2025-11-19 05:07:00, MOVE, v:1, k:poo@array, mode:PICK
2025-11-19 05:07:00, EXEC, v:1, k:poo@array, mode:LOCK, rate:100, size:39
2025-11-19 05:07:02, MOVE, v:1, k:poo@array, mode:BACK
2025-11-19 21:51:47, MOVE, v:1, k:poo@array, mode:PICK
2025-11-19 21:51:49, MOVE, v:1, k:poo@array, mode:BACK
2025-11-19 22:10:58, MOVE, v:1, k:poo@junkfood, mode:PICK
2025-11-19 22:10:59, MOVE, v:1, k:poo@junkfood, mode:BACK
2025-11-19 22:11:01, MOVE, v:1, k:poo@array, mode:PICK
2025-11-19 22:11:01, EXEC, v:1, k:poo@array, mode:LOCK, rate:0, size:46
2025-11-19 22:11:02, MOVE, v:1, k:poo@array, mode:BACK
