2025-11-18 13:26:38, MOVE, v:1, k:poo@lapiseira, mode:PICK
2025-11-18 13:26:38, EXEC, v:1, k:poo@lapiseira, mode:FULL, rate:0, size:122
2025-11-18 13:29:19, EXEC, v:1, k:poo@lapiseira, mode:FULL, rate:0, size:122
2025-11-18 13:29:44, EXEC, v:1, k:poo@lapiseira, mode:FULL, rate:0, size:122
2025-11-18 13:30:21, MOVE, v:1, k:poo@lapiseira, mode:BACK
2025-11-18 13:38:32, MOVE, v:1, k:poo@lapiseira, mode:PICK
2025-11-18 13:38:33, EXEC, v:1, k:poo@lapiseira, mode:FULL, rate:0, size:122
2025-11-18 13:50:34, EXEC, v:1, k:poo@lapiseira, mode:FULL, rate:0, size:126
2025-11-18 13:51:08, EXEC, v:1, k:poo@lapiseira, mode:FULL, rate:7, size:126
2025-11-18 13:51:20, EXEC, v:1, k:poo@lapiseira, mode:FULL, rate:0, size:127
2025-11-18 13:51:28, EXEC, v:1, k:poo@lapiseira, mode:FULL, rate:0, size:126
2025-11-18 13:52:26, EXEC, v:1, k:poo@lapiseira, mode:FULL, rate:7, size:127
2025-11-18 13:58:36, EXEC, v:1, k:poo@lapiseira, mode:FULL, rate:42, size:126
2025-11-18 13:58:50, EXEC, v:1, k:poo@lapiseira, mode:FULL, rate:57, size:126
2025-11-18 13:59:09, EXEC, v:1, k:poo@lapiseira, mode:FULL, rate:57, size:126
2025-11-18 13:59:29, EXEC, v:1, k:poo@lapiseira, mode:FULL, rate:57, size:126
2025-11-18 13:59:39, EXEC, v:1, k:poo@lapiseira, mode:FULL, rate:100, size:126
2025-11-18 14:00:49, MOVE, v:1, k:poo@lapiseira, mode:BACK
2025-11-18 14:02:30, SELF, v:1, k:poo@lapiseira, rate:100, iagen:usada_para_entender_a_questao, alone:10, study:360
2025-11-18 14:02:31, MOVE, v:1, k:poo@lapiseira, mode:PICK
2025-11-18 14:02:32, EXEC, v:1, k:poo@lapiseira, mode:FULL, rate:100
2025-11-18 14:02:32, MOVE, v:1, k:poo@lapiseira, mode:BACK
